Building DAG of jobs...
Using shell: /usr/bin/bash
Provided cores: 1 (use --cores to define parallelism)
Rules claiming more threads will be scaled down.
Job counts:
	count	jobs
	1	all
	4	count_words
	1	make_archive
	4	make_plot
	1	zipf_test
	11
Select jobs to execute...

[Tue May 18 10:26:27 2021]
rule count_words:
    input: source/wordcount.py, data/last.txt
    output: processed_data/last.dat
    log: processed_data/last.log
    jobid: 7
    wildcards: file=last

[Tue May 18 10:26:28 2021]
Finished job 7.
1 of 11 steps (9%) done
Select jobs to execute...

[Tue May 18 10:26:28 2021]
rule count_words:
    input: source/wordcount.py, data/isles.txt
    output: processed_data/isles.dat
    log: processed_data/isles.log
    jobid: 5
    wildcards: file=isles

[Tue May 18 10:26:28 2021]
Finished job 5.
2 of 11 steps (18%) done
Select jobs to execute...

[Tue May 18 10:26:29 2021]
rule make_plot:
    input: source/plotcount.py, processed_data/last.dat
    output: results/last.png
    jobid: 6
    wildcards: file=last

[Tue May 18 10:26:36 2021]
Finished job 6.
3 of 11 steps (27%) done
Select jobs to execute...

[Tue May 18 10:26:36 2021]
rule count_words:
    input: source/wordcount.py, data/abyss.txt
    output: processed_data/abyss.dat
    log: processed_data/abyss.log
    jobid: 3
    wildcards: file=abyss

[Tue May 18 10:26:37 2021]
Finished job 3.
4 of 11 steps (36%) done
Select jobs to execute...

[Tue May 18 10:26:37 2021]
rule make_plot:
    input: source/plotcount.py, processed_data/abyss.dat
    output: results/abyss.png
    jobid: 2
    wildcards: file=abyss

[Tue May 18 10:26:38 2021]
Finished job 2.
5 of 11 steps (45%) done
Select jobs to execute...

[Tue May 18 10:26:39 2021]
rule count_words:
    input: source/wordcount.py, data/sierra.txt
    output: processed_data/sierra.dat
    log: processed_data/sierra.log
    jobid: 9
    wildcards: file=sierra

[Tue May 18 10:26:39 2021]
Finished job 9.
6 of 11 steps (55%) done
Select jobs to execute...

[Tue May 18 10:26:39 2021]
rule make_plot:
    input: source/plotcount.py, processed_data/sierra.dat
    output: results/sierra.png
    jobid: 8
    wildcards: file=sierra

[Tue May 18 10:26:40 2021]
Finished job 8.
7 of 11 steps (64%) done
Select jobs to execute...

[Tue May 18 10:26:41 2021]
rule zipf_test:
    input: source/zipf_test.py, processed_data/abyss.dat, processed_data/isles.dat, processed_data/last.dat, processed_data/sierra.dat
    output: results/results.txt
    jobid: 10

[Tue May 18 10:26:41 2021]
Finished job 10.
8 of 11 steps (73%) done
Select jobs to execute...

[Tue May 18 10:26:41 2021]
rule make_plot:
    input: source/plotcount.py, processed_data/isles.dat
    output: results/isles.png
    jobid: 4
    wildcards: file=isles

[Tue May 18 10:26:42 2021]
Finished job 4.
9 of 11 steps (82%) done
Select jobs to execute...

[Tue May 18 10:26:42 2021]
localrule make_archive:
    input: results/abyss.png, results/isles.png, results/last.png, results/sierra.png, processed_data/abyss.dat, processed_data/isles.dat, processed_data/last.dat, processed_data/sierra.dat, results/results.txt
    output: zipf_analysis.tar.gz
    jobid: 1

[Tue May 18 10:26:43 2021]
Finished job 1.
10 of 11 steps (91%) done
Select jobs to execute...

[Tue May 18 10:26:43 2021]
localrule all:
    input: zipf_analysis.tar.gz
    jobid: 0

[Tue May 18 10:26:43 2021]
Finished job 0.
11 of 11 steps (100%) done
Complete log: /home/gabrusci/CodeRefinery_workshop/word-count/.snakemake/log/2021-05-18T102606.083671.snakemake.log
